<?xml version="1.0" encoding="UTF-8"?>
<!-- Generated by org.testng.reporters.JUnitXMLReporter -->
<testsuite hostname="360NDCLP063" ignored="2" name="Default test" tests="1" failures="0" timestamp="2020-06-12T01:16:05 IST" time="18.963" errors="0">
  <testcase name="clickOnMenu" time="3.761" classname="com.crm.qa.test.HomeTest"/>
  <testcase name="validateUser" time="0.0" classname="com.crm.qa.test.HomeTest">
    <ignored/>
  </testcase> <!-- validateUser -->
  <testcase name="validateMenuList" time="0.0" classname="com.crm.qa.test.HomeTest">
    <ignored/>
  </testcase> <!-- validateMenuList -->
</testsuite> <!-- Default test -->
