<?xml version="1.0" encoding="UTF-8"?>
<!-- Generated by org.testng.reporters.JUnitXMLReporter -->
<testsuite hostname="360NDCLP063" ignored="4" name="Default test" tests="1" failures="0" timestamp="2020-06-09T02:31:17 IST" time="19.3" errors="0">
  <testcase name="TestInvalidUser" time="1.027" classname="com.crm.qa.test.LoginTest"/>
  <testcase name="TestClassicCRM" time="0.0" classname="com.crm.qa.test.LoginTest">
    <ignored/>
  </testcase> <!-- TestClassicCRM -->
  <testcase name="TestSignUp" time="0.0" classname="com.crm.qa.test.LoginTest">
    <ignored/>
  </testcase> <!-- TestSignUp -->
  <testcase name="TestForgotPassword" time="0.0" classname="com.crm.qa.test.LoginTest">
    <ignored/>
  </testcase> <!-- TestForgotPassword -->
  <testcase name="verifyLoginPageTitle" time="0.0" classname="com.crm.qa.test.LoginTest">
    <ignored/>
  </testcase> <!-- verifyLoginPageTitle -->
</testsuite> <!-- Default test -->
