<?xml version="1.0" encoding="UTF-8"?>
<!-- Generated by org.testng.reporters.JUnitXMLReporter -->
<testsuite hostname="360NDCLP063" ignored="0" name="Command line test" tests="13" failures="2" timestamp="24 Jun 2020 19:46:59 GMT" time="1119.161" errors="0">
  <testcase name="@BeforeMethod setUp" time="107.538" classname="com.crm.qa.test.LoginTest">
    <failure type="org.openqa.selenium.NoSuchWindowException" message="no such window: target window already closed
from unknown error: web view not found
  (Session info: chrome=83.0.4103.116)
Build info: version: &amp;apos;3.14.0&amp;apos;, revision: &amp;apos;aacccce0&amp;apos;, time: &amp;apos;2018-08-02T20:19:58.91Z&amp;apos;
System info: host: &amp;apos;360NDCLP063&amp;apos;, ip: &amp;apos;192.168.1.117&amp;apos;, os.name: &amp;apos;Windows 10&amp;apos;, os.arch: &amp;apos;amd64&amp;apos;, os.version: &amp;apos;10.0&amp;apos;, java.version: &amp;apos;1.8.0_121&amp;apos;
Driver info: org.openqa.selenium.chrome.ChromeDriver
Capabilities {acceptInsecureCerts: false, browserName: chrome, browserVersion: 83.0.4103.116, chrome: {chromedriverVersion: 83.0.4103.39 (ccbf011cb2d2b..., userDataDir: C:\Users\sufiyap\AppData\Lo...}, goog:chromeOptions: {debuggerAddress: localhost:63723}, javascriptEnabled: true, networkConnectionEnabled: false, pageLoadStrategy: normal, platform: WINDOWS, platformName: WINDOWS, proxy: Proxy(), setWindowRect: true, strictFileInteractability: false, timeouts: {implicit: 0, pageLoad: 300000, script: 30000}, unhandledPromptBehavior: dismiss and notify, webauthn:virtualAuthenticators: true}
Session ID: ad1b7632b4f8ef350333482c312c7c82">
      <![CDATA[org.openqa.selenium.NoSuchWindowException: no such window: target window already closed
from unknown error: web view not found
  (Session info: chrome=83.0.4103.116)
Build info: version: '3.14.0', revision: 'aacccce0', time: '2018-08-02T20:19:58.91Z'
System info: host: '360NDCLP063', ip: '192.168.1.117', os.name: 'Windows 10', os.arch: 'amd64', os.version: '10.0', java.version: '1.8.0_121'
Driver info: org.openqa.selenium.chrome.ChromeDriver
Capabilities {acceptInsecureCerts: false, browserName: chrome, browserVersion: 83.0.4103.116, chrome: {chromedriverVersion: 83.0.4103.39 (ccbf011cb2d2b..., userDataDir: C:\Users\sufiyap\AppData\Lo...}, goog:chromeOptions: {debuggerAddress: localhost:63723}, javascriptEnabled: true, networkConnectionEnabled: false, pageLoadStrategy: normal, platform: WINDOWS, platformName: WINDOWS, proxy: Proxy(), setWindowRect: true, strictFileInteractability: false, timeouts: {implicit: 0, pageLoad: 300000, script: 30000}, unhandledPromptBehavior: dismiss and notify, webauthn:virtualAuthenticators: true}
Session ID: ad1b7632b4f8ef350333482c312c7c82
	at org.openqa.selenium.remote.http.W3CHttpResponseCodec.createException(W3CHttpResponseCodec.java:187)
	at org.openqa.selenium.remote.http.W3CHttpResponseCodec.decode(W3CHttpResponseCodec.java:122)
	at org.openqa.selenium.remote.http.W3CHttpResponseCodec.decode(W3CHttpResponseCodec.java:49)
	at org.openqa.selenium.remote.HttpCommandExecutor.execute(HttpCommandExecutor.java:158)
	at org.openqa.selenium.remote.service.DriverCommandExecutor.execute(DriverCommandExecutor.java:83)
	at org.openqa.selenium.remote.RemoteWebDriver.execute(RemoteWebDriver.java:548)
	at org.openqa.selenium.remote.RemoteWebDriver.execute(RemoteWebDriver.java:605)
	at org.openqa.selenium.remote.RemoteWebDriver$RemoteWebDriverOptions$RemoteWindow.maximize(RemoteWebDriver.java:833)
	at com.crm.qa.base.BaseClass.intialization(BaseClass.java:68)
	at com.crm.qa.test.LoginTest.setUp(LoginTest.java:32)
... Removed 41 stack frames]]>
    </failure>
  </testcase> <!-- @BeforeMethod setUp -->
  <testcase name="@BeforeMethod setUp" time="0.0" classname="com.crm.qa.test.LoginTest">
    <skipped/>
  </testcase> <!-- @BeforeMethod setUp -->
  <testcase name="@BeforeMethod setUp" time="0.0" classname="com.crm.qa.test.LoginTest">
    <skipped/>
  </testcase> <!-- @BeforeMethod setUp -->
  <testcase name="@BeforeMethod setUp" time="7.955" classname="com.crm.qa.test.SingUpTest">
    <failure type="org.openqa.selenium.SessionNotCreatedException" message="session not created
from chrome not reachable
  (Session info: chrome=83.0.4103.116)
Build info: version: &amp;apos;3.14.0&amp;apos;, revision: &amp;apos;aacccce0&amp;apos;, time: &amp;apos;2018-08-02T20:19:58.91Z&amp;apos;
System info: host: &amp;apos;360NDCLP063&amp;apos;, ip: &amp;apos;192.168.1.117&amp;apos;, os.name: &amp;apos;Windows 10&amp;apos;, os.arch: &amp;apos;amd64&amp;apos;, os.version: &amp;apos;10.0&amp;apos;, java.version: &amp;apos;1.8.0_121&amp;apos;
Driver info: driver.version: ChromeDriver
remote stacktrace: Backtrace:
	Ordinal0 [0x01239563+2725219]
	Ordinal0 [0x01138551+1672529]
	Ordinal0 [0x01020202+524802]
	Ordinal0 [0x010199B2+498098]
	Ordinal0 [0x0101A09B+499867]
	Ordinal0 [0x0101AFF5+503797]
	Ordinal0 [0x01016994+485780]
	Ordinal0 [0x01020FF0+528368]
	Ordinal0 [0x00FCD6C9+186057]
	Ordinal0 [0x00FCCA3D+182845]
	Ordinal0 [0x00FCA94B+174411]
	Ordinal0 [0x00FB2528+75048]
	Ordinal0 [0x00FB35A0+79264]
	Ordinal0 [0x00FB3539+79161]
	Ordinal0 [0x0114D607+1758727]
	GetHandleVerifier [0x01356546+1050150]
	GetHandleVerifier [0x01356291+1049457]
	GetHandleVerifier [0x013610D7+1094071]
	GetHandleVerifier [0x01356B46+1051686]
	Ordinal0 [0x01145B06+1727238]
	Ordinal0 [0x0114EB7B+1764219]
	Ordinal0 [0x0114ECE3+1764579]
	Ordinal0 [0x01164C05+1854469]
	BaseThreadInitThunk [0x74368494+36]
	RtlAreBitsSet [0x778641C8+136]
	RtlAreBitsSet [0x77864198+88]
">
      <![CDATA[org.openqa.selenium.SessionNotCreatedException: session not created
from chrome not reachable
  (Session info: chrome=83.0.4103.116)
Build info: version: '3.14.0', revision: 'aacccce0', time: '2018-08-02T20:19:58.91Z'
System info: host: '360NDCLP063', ip: '192.168.1.117', os.name: 'Windows 10', os.arch: 'amd64', os.version: '10.0', java.version: '1.8.0_121'
Driver info: driver.version: ChromeDriver
remote stacktrace: Backtrace:
	Ordinal0 [0x01239563+2725219]
	Ordinal0 [0x01138551+1672529]
	Ordinal0 [0x01020202+524802]
	Ordinal0 [0x010199B2+498098]
	Ordinal0 [0x0101A09B+499867]
	Ordinal0 [0x0101AFF5+503797]
	Ordinal0 [0x01016994+485780]
	Ordinal0 [0x01020FF0+528368]
	Ordinal0 [0x00FCD6C9+186057]
	Ordinal0 [0x00FCCA3D+182845]
	Ordinal0 [0x00FCA94B+174411]
	Ordinal0 [0x00FB2528+75048]
	Ordinal0 [0x00FB35A0+79264]
	Ordinal0 [0x00FB3539+79161]
	Ordinal0 [0x0114D607+1758727]
	GetHandleVerifier [0x01356546+1050150]
	GetHandleVerifier [0x01356291+1049457]
	GetHandleVerifier [0x013610D7+1094071]
	GetHandleVerifier [0x01356B46+1051686]
	Ordinal0 [0x01145B06+1727238]
	Ordinal0 [0x0114EB7B+1764219]
	Ordinal0 [0x0114ECE3+1764579]
	Ordinal0 [0x01164C05+1854469]
	BaseThreadInitThunk [0x74368494+36]
	RtlAreBitsSet [0x778641C8+136]
	RtlAreBitsSet [0x77864198+88]

	at org.openqa.selenium.remote.W3CHandshakeResponse.lambda$new$0(W3CHandshakeResponse.java:57)
	at org.openqa.selenium.remote.W3CHandshakeResponse.lambda$getResponseFunction$2(W3CHandshakeResponse.java:104)
	at org.openqa.selenium.remote.ProtocolHandshake.lambda$createSession$0(ProtocolHandshake.java:122)
	at java.util.stream.ReferencePipeline$3$1.accept(ReferencePipeline.java:193)
	at java.util.Spliterators$ArraySpliterator.tryAdvance(Spliterators.java:958)
	at java.util.stream.ReferencePipeline.forEachWithCancel(ReferencePipeline.java:126)
	at java.util.stream.AbstractPipeline.copyIntoWithCancel(AbstractPipeline.java:498)
	at java.util.stream.AbstractPipeline.copyInto(AbstractPipeline.java:485)
	at java.util.stream.AbstractPipeline.wrapAndCopyInto(AbstractPipeline.java:471)
	at java.util.stream.FindOps$FindOp.evaluateSequential(FindOps.java:152)
	at java.util.stream.AbstractPipeline.evaluate(AbstractPipeline.java:234)
	at java.util.stream.ReferencePipeline.findFirst(ReferencePipeline.java:464)
	at org.openqa.selenium.remote.ProtocolHandshake.createSession(ProtocolHandshake.java:125)
	at org.openqa.selenium.remote.ProtocolHandshake.createSession(ProtocolHandshake.java:73)
	at org.openqa.selenium.remote.HttpCommandExecutor.execute(HttpCommandExecutor.java:136)
	at org.openqa.selenium.remote.service.DriverCommandExecutor.execute(DriverCommandExecutor.java:83)
	at org.openqa.selenium.remote.RemoteWebDriver.execute(RemoteWebDriver.java:548)
	at org.openqa.selenium.remote.RemoteWebDriver.startSession(RemoteWebDriver.java:212)
	at org.openqa.selenium.remote.RemoteWebDriver.<init>(RemoteWebDriver.java:130)
	at org.openqa.selenium.chrome.ChromeDriver.<init>(ChromeDriver.java:181)
	at org.openqa.selenium.chrome.ChromeDriver.<init>(ChromeDriver.java:168)
	at org.openqa.selenium.chrome.ChromeDriver.<init>(ChromeDriver.java:123)
	at com.crm.qa.base.BaseClass.intialization(BaseClass.java:43)
	at com.crm.qa.test.SingUpTest.setUp(SingUpTest.java:23)
... Removed 41 stack frames]]>
    </failure>
  </testcase> <!-- @BeforeMethod setUp -->
  <testcase name="@BeforeMethod setUp" time="0.0" classname="com.crm.qa.test.SingUpTest">
    <skipped/>
  </testcase> <!-- @BeforeMethod setUp -->
  <testcase name="ValidateCreateContactPage" time="0.308" classname="com.crm.qa.test.ContactsTest"/>
  <testcase name="clickOnMenu" time="3.458" classname="com.crm.qa.test.HomeTest"/>
  <testcase name="validateHomePage" time="2.588" classname="com.crm.qa.test.HomeTest">
    <failure type="java.lang.AssertionError" message="expected [https://ui.cogmento.com/home] but found [https://ui.cogmento.com/]">
      <![CDATA[java.lang.AssertionError: expected [https://ui.cogmento.com/home] but found [https://ui.cogmento.com/]
	at com.crm.qa.test.HomeTest.validateHomePage(HomeTest.java:41)
... Removed 41 stack frames]]>
    </failure>
  </testcase> <!-- validateHomePage -->
  <testcase name="validateMenuList" time="2.636" classname="com.crm.qa.test.HomeTest"/>
  <testcase name="validateUser" time="1.634" classname="com.crm.qa.test.HomeTest"/>
  <testcase name="TestClassicCRM" time="6.463" classname="com.crm.qa.test.LoginTest"/>
  <testcase name="TestForgotPassword" time="40.279" classname="com.crm.qa.test.LoginTest">
    <failure type="org.openqa.selenium.TimeoutException" message="timeout: Timed out receiving message from renderer: 40.000
  (Session info: chrome=83.0.4103.116)
Build info: version: &amp;apos;3.14.0&amp;apos;, revision: &amp;apos;aacccce0&amp;apos;, time: &amp;apos;2018-08-02T20:19:58.91Z&amp;apos;
System info: host: &amp;apos;360NDCLP063&amp;apos;, ip: &amp;apos;192.168.1.117&amp;apos;, os.name: &amp;apos;Windows 10&amp;apos;, os.arch: &amp;apos;amd64&amp;apos;, os.version: &amp;apos;10.0&amp;apos;, java.version: &amp;apos;1.8.0_121&amp;apos;
Driver info: org.openqa.selenium.chrome.ChromeDriver
Capabilities {acceptInsecureCerts: false, browserName: chrome, browserVersion: 83.0.4103.116, chrome: {chromedriverVersion: 83.0.4103.39 (ccbf011cb2d2b..., userDataDir: C:\Users\sufiyap\AppData\Lo...}, goog:chromeOptions: {debuggerAddress: localhost:63382}, javascriptEnabled: true, networkConnectionEnabled: false, pageLoadStrategy: normal, platform: WINDOWS, platformName: WINDOWS, proxy: Proxy(), setWindowRect: true, strictFileInteractability: false, timeouts: {implicit: 0, pageLoad: 300000, script: 30000}, unhandledPromptBehavior: dismiss and notify, webauthn:virtualAuthenticators: true}
Session ID: d2ccb148a78a19d7b602c5d870b4abce">
      <![CDATA[org.openqa.selenium.TimeoutException: timeout: Timed out receiving message from renderer: 40.000
  (Session info: chrome=83.0.4103.116)
Build info: version: '3.14.0', revision: 'aacccce0', time: '2018-08-02T20:19:58.91Z'
System info: host: '360NDCLP063', ip: '192.168.1.117', os.name: 'Windows 10', os.arch: 'amd64', os.version: '10.0', java.version: '1.8.0_121'
Driver info: org.openqa.selenium.chrome.ChromeDriver
Capabilities {acceptInsecureCerts: false, browserName: chrome, browserVersion: 83.0.4103.116, chrome: {chromedriverVersion: 83.0.4103.39 (ccbf011cb2d2b..., userDataDir: C:\Users\sufiyap\AppData\Lo...}, goog:chromeOptions: {debuggerAddress: localhost:63382}, javascriptEnabled: true, networkConnectionEnabled: false, pageLoadStrategy: normal, platform: WINDOWS, platformName: WINDOWS, proxy: Proxy(), setWindowRect: true, strictFileInteractability: false, timeouts: {implicit: 0, pageLoad: 300000, script: 30000}, unhandledPromptBehavior: dismiss and notify, webauthn:virtualAuthenticators: true}
Session ID: d2ccb148a78a19d7b602c5d870b4abce
	at org.openqa.selenium.remote.http.W3CHttpResponseCodec.createException(W3CHttpResponseCodec.java:187)
	at org.openqa.selenium.remote.http.W3CHttpResponseCodec.decode(W3CHttpResponseCodec.java:122)
	at org.openqa.selenium.remote.http.W3CHttpResponseCodec.decode(W3CHttpResponseCodec.java:49)
	at org.openqa.selenium.remote.HttpCommandExecutor.execute(HttpCommandExecutor.java:158)
	at org.openqa.selenium.remote.service.DriverCommandExecutor.execute(DriverCommandExecutor.java:83)
	at org.openqa.selenium.remote.RemoteWebDriver.execute(RemoteWebDriver.java:548)
	at org.openqa.selenium.remote.RemoteWebElement.execute(RemoteWebElement.java:276)
	at org.openqa.selenium.remote.RemoteWebElement.click(RemoteWebElement.java:83)
	at org.openqa.selenium.support.pagefactory.internal.LocatingElementHandler.invoke(LocatingElementHandler.java:51)
	at com.sun.proxy.$Proxy8.click(Unknown Source)
	at com.crm.qa.utils.TestUtils.clickOn(TestUtils.java:20)
	at com.crm.qa.pages.LoginPage.forgotPassword(LoginPage.java:73)
	at com.crm.qa.test.LoginTest.TestForgotPassword(LoginTest.java:62)
... Removed 43 stack frames]]>
    </failure>
  </testcase> <!-- TestForgotPassword -->
  <testcase name="TestInvalidLogin" time="1.775" classname="com.crm.qa.test.LoginTest"/>
  <testcase name="TestSignUp" time="0.001" classname="com.crm.qa.test.LoginTest">
    <skipped/>
  </testcase> <!-- TestSignUp -->
  <testcase name="TestValidLogin" time="0.0" classname="com.crm.qa.test.LoginTest">
    <skipped/>
  </testcase> <!-- TestValidLogin -->
  <testcase name="verifyLoginPageTitle" time="0.0" classname="com.crm.qa.test.LoginTest">
    <skipped/>
  </testcase> <!-- verifyLoginPageTitle -->
  <testcase name="testSignUp" time="0.0" classname="com.crm.qa.test.SingUpTest">
    <skipped/>
  </testcase> <!-- testSignUp -->
  <testcase name="testSuccessfulSignUp" time="0.0" classname="com.crm.qa.test.SingUpTest">
    <skipped/>
  </testcase> <!-- testSuccessfulSignUp -->
</testsuite> <!-- Command line test -->
