<?xml version="1.0" encoding="UTF-8"?>
<testng-results skipped="0" failed="0" ignored="0" total="2" passed="2">
  <reporter-output>
  </reporter-output>
  <suite name="Default suite" duration-ms="34969" started-at="2020-06-05T02:45:46 IST" finished-at="2020-06-05T02:46:21 IST">
    <groups>
    </groups>
    <test name="Default test" duration-ms="34969" started-at="2020-06-05T02:45:46 IST" finished-at="2020-06-05T02:46:21 IST">
      <class name="com.crm.qa.test.SingUpTest">
        <test-method status="PASS" signature="setUp()[pri:0, instance:com.crm.qa.test.SingUpTest@6737fd8f]" name="setUp" is-config="true" duration-ms="16891" started-at="2020-06-05T02:45:46 IST" finished-at="2020-06-05T02:46:03 IST">
          <reporter-output>
          </reporter-output>
        </test-method> <!-- setUp -->
        <test-method status="PASS" signature="signup()[pri:0, instance:com.crm.qa.test.SingUpTest@6737fd8f]" name="signup" duration-ms="4485" started-at="2020-06-05T02:46:03 IST" finished-at="2020-06-05T02:46:07 IST">
          <reporter-output>
          </reporter-output>
        </test-method> <!-- signup -->
        <test-method status="PASS" signature="teardown()[pri:0, instance:com.crm.qa.test.SingUpTest@6737fd8f]" name="teardown" is-config="true" duration-ms="1241" started-at="2020-06-05T02:46:07 IST" finished-at="2020-06-05T02:46:09 IST">
          <reporter-output>
          </reporter-output>
        </test-method> <!-- teardown -->
        <test-method status="PASS" signature="setUp()[pri:0, instance:com.crm.qa.test.SingUpTest@6737fd8f]" name="setUp" is-config="true" duration-ms="11146" started-at="2020-06-05T02:46:09 IST" finished-at="2020-06-05T02:46:20 IST">
          <reporter-output>
          </reporter-output>
        </test-method> <!-- setUp -->
        <test-method status="PASS" signature="verifyPageTitle()[pri:0, instance:com.crm.qa.test.SingUpTest@6737fd8f]" name="verifyPageTitle" duration-ms="14" started-at="2020-06-05T02:46:20 IST" finished-at="2020-06-05T02:46:20 IST">
          <reporter-output>
          </reporter-output>
        </test-method> <!-- verifyPageTitle -->
        <test-method status="PASS" signature="teardown()[pri:0, instance:com.crm.qa.test.SingUpTest@6737fd8f]" name="teardown" is-config="true" duration-ms="1134" started-at="2020-06-05T02:46:20 IST" finished-at="2020-06-05T02:46:21 IST">
          <reporter-output>
          </reporter-output>
        </test-method> <!-- teardown -->
      </class> <!-- com.crm.qa.test.SingUpTest -->
    </test> <!-- Default test -->
  </suite> <!-- Default suite -->
</testng-results>
